<?xml version="1.0" encoding="UTF-8"?>
<robot generator="Robot 4.1.3 (Python 3.10.2 on win32)" generated="20220403 05:33:50.205" rpa="false" schemaversion="2">
<suite id="s1" name="testDemo5" source="C:\Users\Nizam\PycharmProjects\robotFramework\testDemo5.robot">
<test id="s1-t1" name="Login with user ${username} and password ${password}">
<kw name="Test login feature of E-commerce webiste">
<arg>Default</arg>
<arg>UserData</arg>
<kw name="Open the browser with given url">
<kw name="Create Webdriver" library="SeleniumLibrary">
<arg>Chrome</arg>
<arg>executable_path=E:/chromedriver</arg>
<doc>Creates an instance of Selenium WebDriver.</doc>
<msg timestamp="20220403 05:33:50.941" level="INFO">Creating an instance of the Chrome WebDriver.</msg>
<status status="PASS" starttime="20220403 05:33:50.940" endtime="20220403 05:34:00.530"/>
</kw>
<kw name="Go To" library="SeleniumLibrary">
<arg>https://rahulshettyacademy.com/loginpagePractise/</arg>
<doc>Navigates the current browser window to the provided ``url``.</doc>
<msg timestamp="20220403 05:34:00.531" level="INFO">Opening url 'https://rahulshettyacademy.com/loginpagePractise/'</msg>
<status status="PASS" starttime="20220403 05:34:00.530" endtime="20220403 05:34:02.509"/>
</kw>
<status status="PASS" starttime="20220403 05:33:50.940" endtime="20220403 05:34:02.509"/>
</kw>
<kw name="Fill the login form">
<arg>${username}</arg>
<arg>${password}</arg>
<kw name="Input Text" library="SeleniumLibrary">
<arg>username</arg>
<arg>${username}</arg>
<doc>Types the given ``text`` into the text field identified by ``locator``.</doc>
<msg timestamp="20220403 05:34:02.512" level="INFO">Typing text 'Default' into text field 'username'.</msg>
<status status="PASS" starttime="20220403 05:34:02.511" endtime="20220403 05:34:02.978"/>
</kw>
<kw name="Input Password" library="SeleniumLibrary">
<arg>password</arg>
<arg>${password}</arg>
<doc>Types the given password into the text field identified by ``locator``.</doc>
<msg timestamp="20220403 05:34:02.979" level="INFO">Typing password into text field 'password'.</msg>
<msg timestamp="20220403 05:34:03.045" level="INFO">Temporally setting log level to: NONE</msg>
<msg timestamp="20220403 05:34:03.113" level="INFO">Log level changed from NONE to INFO.</msg>
<status status="PASS" starttime="20220403 05:34:02.978" endtime="20220403 05:34:03.114"/>
</kw>
<kw name="Click Button" library="SeleniumLibrary">
<arg>id:signInBtn</arg>
<doc>Clicks the button identified by ``locator``.</doc>
<msg timestamp="20220403 05:34:03.114" level="INFO">Clicking button 'id:signInBtn'.</msg>
<status status="PASS" starttime="20220403 05:34:03.114" endtime="20220403 05:34:03.266"/>
</kw>
<status status="PASS" starttime="20220403 05:34:02.510" endtime="20220403 05:34:03.267"/>
</kw>
<kw name="verify error message is correct">
<kw name="Wait Until Page Contains" library="SeleniumLibrary">
<arg>${login_error}</arg>
<doc>Waits until ``text`` appears on the current page.</doc>
<status status="PASS" starttime="20220403 05:34:03.268" endtime="20220403 05:34:03.302"/>
</kw>
<status status="PASS" starttime="20220403 05:34:03.267" endtime="20220403 05:34:03.302"/>
</kw>
<status status="PASS" starttime="20220403 05:33:50.939" endtime="20220403 05:34:03.303"/>
</kw>
<kw name="Close Browser" library="SeleniumLibrary" type="TEARDOWN">
<doc>Closes the current browser.</doc>
<status status="PASS" starttime="20220403 05:34:03.303" endtime="20220403 05:34:05.577"/>
</kw>
<status status="PASS" starttime="20220403 05:33:50.936" endtime="20220403 05:34:05.577"/>
</test>
<doc>Suite description</doc>
<status status="PASS" starttime="20220403 05:33:50.209" endtime="20220403 05:34:05.578"/>
</suite>
<statistics>
<total>
<stat pass="1" fail="0" skip="0">All Tests</stat>
</total>
<tag>
</tag>
<suite>
<stat pass="1" fail="0" skip="0" id="s1" name="testDemo5">testDemo5</stat>
</suite>
</statistics>
<errors>
<msg timestamp="20220403 05:33:50.920" level="ERROR">[ DataDriver ] Error in robot file:
  File "C:\Users\Nizam\PycharmProjects\robotFramework\testDemo5.robot", line 0</msg>
<msg timestamp="20220403 05:33:50.920" level="ERROR">In source file:
  File "resources/data1.csv", line 0</msg>
<msg timestamp="20220403 05:33:50.932" level="ERROR">Calling method '_start_suite' of listener 'DataDriver' failed: FileNotFoundError: File attribute was not a full path. Tried to find C:\Users\Nizam\PycharmProjects\robotFramework\resources/data1.csv but file does not exist.</msg>
</errors>
</robot>
